            108
     5.36342144
   2.4059131145    1.8736723661    2.3615098000
  -1.5298269987   -1.7582101822    0.3339462876
  -1.7097598314   -0.2798225582   -2.2883691788
  -0.2727701664    2.5516700745   -0.3056709766
  -0.2137794942    1.7966684103   -2.1060204506
  -2.2099847794    2.3438620567    1.2277349234
  -0.0038751096   -1.1927324533   -2.3668956757
   0.6087781191    1.9923771620    2.2050232887
  -2.3902566433    0.7675400972   -2.3270235062
  -0.4262910783   -1.5995295048   -0.4830682874
  -1.4616690874    0.0470149182    1.8003759384
   1.8422551155   -2.1928608418   -1.6361178160
  -1.4072363377   -1.4061700106    1.3804460764
  -2.0997376442    2.3118631840    0.2041557282
   2.3859229088   -0.6542904973   -1.5792858601
   0.7598667741    1.1964002848    2.0359561443
   1.9053527117    0.5660576820    0.9026671052
  -0.5339710116    1.7185117006   -2.3803246021
  -1.2149716616   -0.8215797544    1.2411684990
   2.6420209408    0.5141033530   -2.3211817741
   1.5196478367   -1.5726037025   -2.2726871967
  -1.8048398495    1.9429304600   -0.3228041232
   0.1439953297   -0.7175357938    0.5788958669
   0.1808061600   -0.4658922851    1.6306684017
   1.0706794262   -0.9638245702    2.6661181450
  -2.0604689121    1.0397250652   -1.9563785791
  -1.1497653723    1.5933916569    2.3329710960
  -0.0098951394    0.7427650094   -0.7427006960
   1.0320645571    1.6818045378   -2.3551535606
   0.9537361860   -1.2304847240   -0.4425745904
   2.1200683117   -1.7935794592   -0.5682430863
   0.9191141129    0.8686285019   -0.2691208124
   0.8958629370    1.0013993979    2.6552517414
  -0.7192472219   -0.2199655026   -1.1372803450
   0.1558713615    2.2404243946    0.5697436333
   2.2295954227    1.7692923546    1.4061255455
   2.6207263470    0.1941101551   -0.4466404319
   0.5571946502    1.3803968430    2.6576633453
   1.3698817492    1.0615749359   -0.9428215623
   0.1230456308    2.3667912483    1.8439300060
  -0.1355309784    1.6712044477   -0.1936536878
   1.9948382378    0.1337727010   -1.7571307421
   1.5970799923   -1.0989785194    2.6330401897
   1.4001036882   -1.0627989769   -1.8299646378
   0.1302565783   -1.9244053364   -0.8293060660
   0.5474614501    1.3119513988    1.0765930414
  -2.6115574837   -1.2268537283   -2.2879369259
   0.8352177143   -1.3132821321    1.8416162729
   2.3212227821   -1.6098805666    2.2478563786
  -2.2518160343   -1.2676538229   -1.4499784708
  -0.2356774062    1.2047549486    2.2122750282
  -1.8871074915   -1.9631482363   -2.4078783989
  -0.6185337901   -0.8927521706   -1.4714443684
  -1.7109922171   -0.7199234962   -1.4206407070
  -1.8000463247    2.3659222126    1.3457628489
   0.6587190628    1.3722463846   -1.4632194042
   0.7524135709   -0.1389996111   -1.6016496420
  -1.0405925512   -0.8663108945   -2.6027982235
  -0.5365113616    1.4069598913   -2.6130340099
  -0.6238860488    2.0850346088   -0.0141665339
   1.8083326817    0.2414770126   -0.8178297281
  -1.1307027340   -2.5159604549    1.4374941587
   2.3037483692   -1.5023468733    0.7141143680
   0.7271890044    0.4793523252   -1.9754050970
  -1.0610971451   -2.6522207260    1.0208996534
   1.5185518265   -0.9754063487   -0.7944195271
  -1.3468821049   -1.3570522070   -0.1670418829
  -0.4071757793   -1.9518545866    2.0872826576
   1.9067050219    0.1904559135   -1.3313103914
   1.1687902212    2.5164623260   -1.2192176580
  -1.7090049982    1.7648773193    0.6540537477
  -0.1099430397   -1.1976751089    0.8646799326
   1.7370736599    1.4801800251   -0.8013597131
  -1.6965737343    0.7729817033   -0.4907549322
  -0.7693234086   -0.3180439770   -0.3576500416
   0.7131697536   -1.0059890747   -1.1120986938
  -0.4229306877   -0.8906055689    1.7909370661
   0.9961976409    2.2532305717   -1.9313275814
  -2.4656407833   -0.9668241143    1.6260067225
  -0.6706910729    0.8229259849    0.4032331705
  -1.3868430853    1.5877536535    1.9810876846
   1.1125366688    0.0976623148   -1.0978189707
   2.6787402630    0.4031594098   -2.5441627502
  -0.5950120091   -2.3069286346   -2.2142913342
   2.4554960728   -1.1359252930    1.2736406326
  -0.7661206722    2.6214327812   -0.5187925100
  -0.5500529408    2.0218775272   -1.6827571392
  -0.8419473767   -0.1661775559    1.5191346407
   0.4139628708    1.7693477869   -0.5419809818
  -1.2470195293   -0.7206926942    2.0261654854
  -2.1505894661    0.6869437099    1.4145058393
   0.0611853935   -1.6517059803   -1.8808418512
  -1.5826916695    1.2969290018    0.1078566164
   0.3738437295   -2.2645089626   -2.1184010506
  -2.2604062557    1.1335262060    0.1575637609
  -2.6762523651    2.6270306110   -2.3820395470
   2.2873482704   -1.7530924082    1.0437546968
  -0.4997783303   -0.7981561422    0.6075912118
   1.5909126997   -2.3445901871    1.0151101351
  -1.1633177996    2.3440980911   -2.4306683540
  -0.8108710051   -2.3158791065   -0.7832407951
  -2.1941273212    0.7428834438    1.2974942923
  -2.4776031971    0.6503978372   -0.9885845780
  -1.3020972013   -0.7098193169    0.4943642616
   0.1499997973    2.2310509682    1.2124860287
  -2.4746952057    1.3200572729   -0.1146964058
   2.2090160847    1.9826735258   -2.0986387730
  -0.5686610341    0.9292736650    1.9215517044
