            108
    10.25985527
  -0.7848374248   -0.1763981432   -3.2871949673
  -0.3882625997   -2.5861880779   -0.9532352686
   4.9736399651   -1.5879530907   -1.5913172960
   0.7741972208   -1.9729319811    2.7790977955
   2.3266315460    2.8360738754   -3.7100882530
  -3.0961914062   -4.3776283264    3.9510614872
  -1.6506217718   -1.9792398214   -0.2526963949
  -1.4351519346   -4.6425313950    1.2355427742
   3.6678898335   -0.6411331296    3.2357046604
   5.0473151207   -3.1834549904   -1.5134248734
  -0.3613175154   -4.8516221046    1.3374603987
  -0.7292205691   -1.5652775764   -0.9495089650
   4.6397027969    1.2213062048   -1.2944391966
   3.4323480129   -0.5984157920   -2.9391553402
   4.7684850693    3.1557042599   -1.9052896500
  -3.1189739704    2.4764118195    1.3257503510
   4.1504635811   -3.6807014942   -1.1926025152
   2.3590643406   -2.1086885929   -4.2128849030
   1.2756470442    2.7239580154   -0.7283003926
   3.3850967884   -1.9690160751    0.1698543578
   3.3991317749   -2.2406094074    0.4776523113
   3.9046599865   -1.3437762260   -1.1252726316
   1.5799959898   -4.4612264633    1.6077984571
  -0.4780285954   -4.6597337723    1.5737884045
   3.1196703911   -0.5802339315   -0.6311648488
   3.6660547256   -2.5572938919    1.0900555849
   3.7988286018    4.3524188995    1.8360815048
   0.2787965238   -1.8451170921   -0.2067292631
   2.2903020382   -3.6271731853    4.5123205185
  -0.6522963047   -1.8796155453    0.7785270810
   1.9450271130    4.3001322746   -3.1870303154
  -4.0570616722   -0.6836160421    4.7612800598
   2.1809651852    3.5779643059   -0.2465678602
  -2.6276774406   -3.5086388588    4.1971716881
   1.6419030428   -1.7613952160   -2.8159983158
   4.5466580391    2.0648994446   -3.7103564739
   5.0043110847    3.1920230389    2.7682707310
  -5.0923051834   -0.9652600884    4.6963891983
  -0.2527685463    0.4500729144    4.3151240349
   1.5227630138   -0.6603964567    4.2404203415
   4.9037408829   -0.7190883756   -2.0405957699
  -4.5362114906   -0.9181537032    2.5608124733
  -3.4341042042   -3.2562944889   -1.0119156837
   2.0013577938    1.1363917589    4.6255288124
   0.7000288367    3.3830080032   -3.1584973335
   4.4977359772   -4.3832607269    3.8461081982
  -4.4944081306    4.8079175949   -4.3272862434
   1.8058140278   -3.7508776188    2.9278445244
  -0.1753852516   -0.0002763326    0.9523712993
  -3.0645048618   -1.5802172422   -4.8837227821
   3.2172212601    0.9844945073   -1.3333004713
  -2.7704150677   -1.9075528383   -2.8952498436
   1.8426319361   -4.0068769455    2.9995386600
  -4.8992567062    1.2431513071    3.5860109329
   4.2362518311    4.8593053818   -2.0249781609
   1.8773316145    0.8464801908    3.6586678028
   1.3115007877   -4.9101071358   -2.7496528625
   0.0456551425    3.4557948112    0.4747991860
   3.3752951622   -1.2845792770    3.5778181553
   2.2620236874   -3.9534676075   -0.6721779704
  -0.5317412019   -1.1552177668    1.0458871126
   0.3605702221   -0.6421916485    3.6777777672
  -1.6420528889    4.2279720306    1.5618743896
   2.2801156044    3.0525939465   -0.0033085193
   1.2136420012    2.6514332294    2.7130620480
  -1.8537342548    1.4886442423    4.7577505112
   3.9044165611   -3.4870724678    1.9433571100
  -4.9835953712   -4.7829933167    0.7554386854
  -1.2473206520    4.0059294701    0.9849063158
   3.1167545319    0.4936006963   -1.5676937103
  -0.3246614933    0.7872253656    4.0797414780
   0.8469069600    4.0784807205   -3.2183248997
   4.0908970833    3.0371952057    3.9989125729
  -0.0840234831   -0.6379899383   -2.6946611404
   1.8860903978   -0.4674936533   -3.1984086037
   3.6995539665   -0.5983206630    4.3709049225
  -4.1618585587   -5.1295256615   -4.3322567940
   4.6008658409   -4.0645952225    0.8857121468
  -0.8379062414   -0.7513195276   -4.5093216896
   3.2322359085   -1.0893596411   -1.4730802774
  -0.6784768105    2.8781890869   -4.6008090973
  -0.1174939796   -1.3646228313    0.3271400928
   0.9390242100   -0.8399121761    0.8615054488
  -1.9100978374    4.6742310524    1.0370132923
   3.4184315205    0.2096747458   -3.8531644344
   2.1819021702    4.4498224258    4.2344279289
  -1.2718297243   -3.7392756939    1.8604770899
  -2.0045971870   -2.2996525764    1.5337160826
  -2.8454132080   -3.1261603832    1.3771923780
   0.2411623895   -3.6423366070    4.2770848274
   0.3472231627   -3.0914530754    0.6615533233
   3.9146492481    5.1015586853   -3.1629288197
   1.9136366844    4.0377230644    0.3813383281
  -3.9444129467    1.4286109209    1.6583311558
   0.5142858028    4.6621103287    0.1190360114
   0.6891431212    3.4275224209    1.9279756546
  -1.1508749723    4.6347718239   -0.0206711348
   5.0954713821    1.1066161394   -3.4502468109
  -4.3577857018    3.4471213818    4.2796797752
  -4.2339406013   -4.3028049469    2.3103690147
   0.0548305847   -1.4183608294    1.6128724813
  -3.0485308170    0.1148590446    4.8207874298
  -1.6268553734   -0.4678765535    1.8159030676
   0.5688987374   -2.0859594345    4.3702912331
  -3.3946557045   -0.0135142980   -4.6253671646
  -1.3486192226   -2.3652372360   -1.9532352686
  -0.3789675832    1.2522088289   -0.8116818666
   3.2000787258   -4.0572743416    2.1144862175
