            108
     4.76220322
  -1.6815888882  -2.2107083797  -2.2714552879
  -1.7743670940  -1.2761312723  -1.4874548912
  -1.1033740044  -1.3422017097  -2.3701331615
  -0.9595083594  -2.2341597080  -1.5360029936
  -0.1636218131  -2.2708106041  -2.2970685959
  -0.3371753097  -1.3684705496  -1.5889089108
   0.5390000343  -1.3850309849  -2.2848536968
   0.6017645597  -2.1981878281  -1.5092853308
   1.5226892233  -2.2834620476  -2.2952544689
   1.3975639343  -1.4227442741  -1.6528450251
   2.3723654747  -1.4769285917  -2.3382210732
  -2.3802947998  -2.1576728821  -1.5524629354
  -1.6618528366  -0.4771451056  -2.2416784763
  -1.5872610807   0.2702708244  -1.5061652660
  -0.8699658513   0.3266640007  -2.2468841076
  -0.9450597763  -0.5412852764  -1.4991035461
  -0.1328389198  -0.4722034037  -2.2089757919
  -0.1654396355   0.3391709030  -1.4582500458
   0.8029592037   0.2643012106  -2.3142788410
   0.5994287133  -0.3616289794  -1.5331075191
   1.5863833427  -0.3902717233  -2.3710732460
   1.5929366350   0.2815656662  -1.5679512024
   2.3205416203   0.3492787182  -2.2847380638
   2.1992211342  -0.5169481039  -1.5832520723
  -1.7421257496   1.0860004425  -2.3281035423
  -1.7176692486   1.8431781530  -1.5354492664
  -0.9360334277   1.7027808428   2.3683516979
  -0.9055638313   1.0571959019  -1.5221171379
  -0.0995494202   1.1631329060  -2.2851843834
  -0.1085465029   1.8374425173  -1.5068746805
   0.7978583574   1.7564532757  -2.3252000809
   0.7269170880   0.9238703847  -1.5278376341
   1.5325196981   1.0447869301  -2.2748789787
   1.3344503641   1.8101435900  -1.4520131350
   2.2999835014   1.7985786200  -2.2262055874
   2.3669209480   0.9952198267  -1.4507927895
  -1.7491135597  -2.0740566254  -0.7812308669
  -1.8998719454  -1.3825621605  -0.0336406343
  -0.7609075308  -1.2207721472  -0.6899563670
  -0.9528756738  -1.8932054043   0.0688776821
  -0.1555504501  -2.0206997395  -0.6237677336
  -0.1433278769  -1.3061499596   0.1176480576
   0.5943222642  -1.2906746864  -1.0674713850
   0.6214543581  -1.9987686872   0.1497523636
   1.3369393349  -1.9988780022  -0.7729367614
   1.6275472641  -1.2204825878   0.0523342565
   2.0906577110  -1.3002120256  -0.8783773184
   2.1717696190  -2.1387455463   0.0641487017
  -1.5749977827  -0.4562877119  -0.6724178195
  -1.6959594488   0.3973830342   0.1674298793
  -0.8517051935   0.2494640201  -0.6787834167
  -0.7925963998  -0.5284788609   0.0556288213
  -0.0672984570  -0.4744579494  -0.7742801309
  -0.0712698549   0.1907422543   0.2095081061
   0.6140304208   0.2854158282  -0.6933018565
   0.7322209477  -0.6870213747  -0.0105153266
   1.4477636814  -0.4848169982  -0.7731260061
   1.3833940029   0.0960316658   0.1573719680
   2.1509468555   0.3330252469  -0.7045570612
  -2.3240563869  -0.4431473613  -0.0041191741
  -1.6406224966   1.1048079729  -0.7222892046
  -1.8297250271   1.9419820309   0.0448553935
  -0.9038038254   1.9854251146  -0.6126034856
  -0.9381833076   1.1374936104   0.0290874541
  -0.1705333740   1.1737581491  -0.7364364266
  -0.0559214167   1.7214618921   0.0981615707
   0.6249442101   1.8135287762  -0.6847239733
   0.6941720843   0.9878196716   0.2542264163
   1.3576148748   1.1201781034  -0.6056780815
   1.4233494997   1.9733612537  -0.0714298636
   2.2318329811   1.9691728354  -0.7830283046
   2.3418073654   1.0836737156  -0.0623817854
  -1.7392029762  -2.0972366333   0.7973313928
  -1.7289785147  -1.3786871433   1.5964334011
  -0.8528199196  -1.3511534929   0.9134237170
  -0.9399935603  -2.2232096195   1.6276265383
   0.0210254993  -2.2448155880   0.9171237350
  -0.2152614444  -1.5272262096   1.6731339693
   0.6033425331  -1.3249740601   1.0799366236
   0.7338411212  -2.1499416828   1.7324538231
   1.3875210285  -2.1158854961   0.7850026488
   1.5538655519  -1.3527277708   1.8320010900
   2.2397215366  -1.1944434643   0.8961865902
   2.1467888355  -2.1025302410   1.4970675707
  -1.6759163141  -0.5990493894   0.7702468634
  -1.7115639448   0.2678431273   1.5014214516
  -0.8544157147   0.1737009138   0.8994275331
  -1.0599768162  -0.5635440350   1.6934010983
  -0.0998988971  -0.5959334970   1.0371854305
  -0.1500796974   0.2048276067   1.7990815639
   0.6594370604   0.0564052723   0.9685040712
   0.6145281792  -0.5202186108   1.7988892794
   1.4422019720  -0.6117438078   1.1681940556
   1.6598632336   0.3058936298   1.5859662294
   2.2285594940   0.2384528369   0.7416858673
   2.3064868450  -0.4884351790   1.6677165031
  -1.6612917185   1.1365740299   0.8784020543
  -1.8639684916   1.9253822565   1.6408317089
  -0.8199310303   1.9704989195   0.7344541550
  -0.8743605614   0.9709185362   1.5841608047
  -0.0562071763   0.8892624378   0.9351466894
  -0.1710501462   1.7157521248   1.5371659994
   0.7767402530   1.8336586952   0.8489615917
   0.7311482430   1.0680761337   1.5610413551
   1.5097270012   1.1195714474   0.9070882797
   1.5507054329   1.8501051664   1.5923514366
   2.2438511848   1.8843848705   0.8008304834
   2.2593986988   1.1350643635   1.7396669388
